<?xml version="1.0" encoding="UTF-8"?>
<!-- Generated by org.testng.reporters.JUnitXMLReporter -->
<testsuite ignored="0" hostname="TYSS-Basavaraj" failures="0" tests="3" name="Default test" time="66.721" errors="0" timestamp="2024-05-16T17:17:06 IST">
  <testcase classname="com.comcast.crm.orgtest.CreateOrgTest" name="createOrg" time="13.944"/>
  <testcase classname="com.comcast.crm.orgtest.CreateOrgTest" name="createOrgWithIndustryAndType" time="15.014"/>
  <testcase classname="com.comcast.crm.orgtest.CreateOrgTest" name="createOrgWithPhoneNumber" time="13.335"/>
</testsuite> <!-- Default test -->
