<?xml version="1.0" encoding="UTF-8"?>
<!-- Generated by org.testng.reporters.JUnitXMLReporter -->
<testsuite ignored="2" hostname="TYSS-Basavaraj" failures="0" tests="1" name="TestRunner --&gt; 1" time="32.904" errors="0" timestamp="2024-05-23T09:55:29 IST">
  <testcase classname="com.comcast.crm.contacttest.CreateContactTest" name="createContact" time="19.679"/>
  <testcase classname="com.comcast.crm.contacttest.CreateContactTest" name="createContactWithDate" time="0.0">
    <ignored/>
  </testcase> <!-- createContactWithDate -->
  <testcase classname="com.comcast.crm.contacttest.CreateContactTest" name="createContactWithOrg" time="0.0">
    <ignored/>
  </testcase> <!-- createContactWithOrg -->
</testsuite> <!-- TestRunner -> 1 -->
