<?xml version="1.0" encoding="UTF-8"?>
<!-- Generated by org.testng.reporters.JUnitXMLReporter -->
<testsuite ignored="0" hostname="TYSS-Basavaraj" failures="0" tests="3" name="Test1" time="30.843" errors="0" timestamp="2024-05-13T12:16:12 IST">
  <testcase classname="com.comcast.crm.orgtest.CreateOrgTest" name="createOrg" time="6.407"/>
  <testcase classname="com.comcast.crm.orgtest.CreateOrgTest" name="createOrgWithIndustryAndType" time="6.744"/>
  <testcase classname="com.comcast.crm.orgtest.CreateOrgTest" name="createOrgWithPhoneNumber" time="6.299"/>
</testsuite> <!-- Test1 -->
