<?xml version="1.0" encoding="UTF-8"?>
<!-- Generated by org.testng.reporters.JUnitXMLReporter -->
<testsuite ignored="2" hostname="TYSS-Basavaraj" failures="1" tests="1" name="TestRunner --&gt; 2" time="33.949" errors="0" timestamp="2024-05-23T09:55:29 IST">
  <testcase classname="com.comcast.crm.orgtest.CreateOrgTest" name="createOrg" time="20.433">
    <failure type="java.lang.AssertionError" message="expected [FF] but found [FF_1969]">
      <![CDATA[java.lang.AssertionError: expected [FF] but found [FF_1969]
at com.comcast.crm.orgtest.CreateOrgTest.createOrg(CreateOrgTest.java:44)
at java.base/java.util.ArrayList.forEach(ArrayList.java:1511)
at java.base/java.util.concurrent.FutureTask.run(FutureTask.java:264)
at java.base/java.util.concurrent.ThreadPoolExecutor.runWorker(ThreadPoolExecutor.java:1136)
at java.base/java.util.concurrent.ThreadPoolExecutor$Worker.run(ThreadPoolExecutor.java:635)
at java.base/java.lang.Thread.run(Thread.java:833)
... Removed 23 stack frames]]>
    </failure>
  </testcase> <!-- createOrg -->
  <testcase classname="com.comcast.crm.orgtest.CreateOrgTest" name="createOrgWithIndustryAndType" time="0.0">
    <ignored/>
  </testcase> <!-- createOrgWithIndustryAndType -->
  <testcase classname="com.comcast.crm.orgtest.CreateOrgTest" name="createOrgWithPhoneNumber" time="0.0">
    <ignored/>
  </testcase> <!-- createOrgWithPhoneNumber -->
</testsuite> <!-- TestRunner -> 2 -->
