<?xml version="1.0" encoding="UTF-8"?>
<testng-results ignored="2" total="8" passed="5" failed="1" skipped="0">
  <reporter-output>
    <line>
      <![CDATA[Connect to DB]]>
    </line>
    <line>
      <![CDATA[Launch Browser]]>
    </line>
    <line>
      <![CDATA[Login to App]]>
    </line>
    <line>
      <![CDATA[successfully created Raj Contact]]>
    </line>
    <line>
      <![CDATA[Logout from app]]>
    </line>
    <line>
      <![CDATA[Login to App]]>
    </line>
    <line>
      <![CDATA[successfully created Raj Contact with Start Date 2025-01-03 and End date 2025-02-02]]>
    </line>
    <line>
      <![CDATA[Logout from app]]>
    </line>
    <line>
      <![CDATA[Login to App]]>
    </line>
    <line>
      <![CDATA[successfully created Raj Contact with Organization FF_1377]]>
    </line>
    <line>
      <![CDATA[Logout from app]]>
    </line>
    <line>
      <![CDATA[Close Browser]]>
    </line>
    <line>
      <![CDATA[Launch Browser]]>
    </line>
    <line>
      <![CDATA[Login to App]]>
    </line>
    <line>
      <![CDATA[Logout from app]]>
    </line>
    <line>
      <![CDATA[Login to App]]>
    </line>
    <line>
      <![CDATA[Successfully Created FF_11 Organization with Energy industry and Press type]]>
    </line>
    <line>
      <![CDATA[Logout from app]]>
    </line>
    <line>
      <![CDATA[Login to App]]>
    </line>
    <line>
      <![CDATA[Successfully Created FF_1418 Organization with 9008877665 Phone Number ]]>
    </line>
    <line>
      <![CDATA[Logout from app]]>
    </line>
    <line>
      <![CDATA[Close Browser]]>
    </line>
    <line>
      <![CDATA[Close DB connection]]>
    </line>
  </reporter-output>
  <suite started-at="2025-01-03T15:15:12 IST" name="Suite" finished-at="2025-01-03T15:17:53 IST" duration-ms="160981">
    <groups>
      <group name="regressionTest">
        <method signature="CreateContactTest.createContactWithDate()[pri:0, instance:com.comcast.crm.contacttest.CreateContactTest@4efac082]" name="createContactWithDate" class="com.comcast.crm.contacttest.CreateContactTest"/>
        <method signature="CreateContactTest.createContactWithOrg()[pri:0, instance:com.comcast.crm.contacttest.CreateContactTest@4efac082]" name="createContactWithOrg" class="com.comcast.crm.contacttest.CreateContactTest"/>
        <method signature="CreateOrgTest.createOrgWithIndustryAndType()[pri:0, instance:com.comcast.crm.orgtest.CreateOrgTest@53aac487]" name="createOrgWithIndustryAndType" class="com.comcast.crm.orgtest.CreateOrgTest"/>
        <method signature="CreateOrgTest.createOrgWithPhoneNumber()[pri:0, instance:com.comcast.crm.orgtest.CreateOrgTest@53aac487]" name="createOrgWithPhoneNumber" class="com.comcast.crm.orgtest.CreateOrgTest"/>
      </group> <!-- regressionTest -->
      <group name="smokeTest">
        <method signature="CreateContactTest.createContact()[pri:0, instance:com.comcast.crm.contacttest.CreateContactTest@4efac082]" name="createContact" class="com.comcast.crm.contacttest.CreateContactTest"/>
        <method signature="CreateOrgTest.createOrg()[pri:0, instance:com.comcast.crm.orgtest.CreateOrgTest@53aac487]" name="createOrg" class="com.comcast.crm.orgtest.CreateOrgTest"/>
      </group> <!-- smokeTest -->
    </groups>
    <test started-at="2025-01-03T15:15:12 IST" name="Test" finished-at="2025-01-03T15:17:53 IST" duration-ms="160981">
      <class name="com.comcast.crm.contacttest.CreateContactTest">
        <test-method is-config="true" signature="configBS()[pri:0, instance:com.comcast.crm.contacttest.CreateContactTest@4efac082]" started-at="2025-01-03T15:15:12 IST" name="configBS" finished-at="2025-01-03T15:15:12 IST" duration-ms="422" status="PASS">
          <reporter-output>
            <line>
              <![CDATA[Connect to DB]]>
            </line>
          </reporter-output>
        </test-method> <!-- configBS -->
        <test-method is-config="true" signature="configBC()[pri:0, instance:com.comcast.crm.contacttest.CreateContactTest@4efac082]" started-at="2025-01-03T15:15:13 IST" name="configBC" finished-at="2025-01-03T15:15:16 IST" duration-ms="3587" status="PASS">
          <reporter-output>
            <line>
              <![CDATA[Launch Browser]]>
            </line>
          </reporter-output>
        </test-method> <!-- configBC -->
        <test-method is-config="true" signature="configBM()[pri:0, instance:com.comcast.crm.contacttest.CreateContactTest@4efac082]" started-at="2025-01-03T15:15:16 IST" name="configBM" finished-at="2025-01-03T15:15:22 IST" duration-ms="6003" status="PASS">
          <reporter-output>
            <line>
              <![CDATA[Login to App]]>
            </line>
          </reporter-output>
        </test-method> <!-- configBM -->
        <test-method signature="createContact()[pri:0, instance:com.comcast.crm.contacttest.CreateContactTest@4efac082]" started-at="2025-01-03T15:15:22 IST" name="createContact" finished-at="2025-01-03T15:15:38 IST" duration-ms="15229" status="PASS">
          <reporter-output>
            <line>
              <![CDATA[successfully created Raj Contact]]>
            </line>
          </reporter-output>
        </test-method> <!-- createContact -->
        <test-method is-config="true" signature="configAM()[pri:0, instance:com.comcast.crm.contacttest.CreateContactTest@4efac082]" started-at="2025-01-03T15:15:38 IST" name="configAM" finished-at="2025-01-03T15:15:40 IST" duration-ms="2478" status="PASS">
          <reporter-output>
            <line>
              <![CDATA[Logout from app]]>
            </line>
          </reporter-output>
        </test-method> <!-- configAM -->
        <test-method is-config="true" signature="configBM()[pri:0, instance:com.comcast.crm.contacttest.CreateContactTest@4efac082]" started-at="2025-01-03T15:15:40 IST" name="configBM" finished-at="2025-01-03T15:15:45 IST" duration-ms="4816" status="PASS">
          <reporter-output>
            <line>
              <![CDATA[Login to App]]>
            </line>
          </reporter-output>
        </test-method> <!-- configBM -->
        <test-method signature="createContactWithDate()[pri:0, instance:com.comcast.crm.contacttest.CreateContactTest@4efac082]" started-at="2025-01-03T15:15:45 IST" name="createContactWithDate" finished-at="2025-01-03T15:16:01 IST" duration-ms="15953" status="PASS">
          <reporter-output>
            <line>
              <![CDATA[successfully created Raj Contact with Start Date 2025-01-03 and End date 2025-02-02]]>
            </line>
          </reporter-output>
        </test-method> <!-- createContactWithDate -->
        <test-method is-config="true" signature="configAM()[pri:0, instance:com.comcast.crm.contacttest.CreateContactTest@4efac082]" started-at="2025-01-03T15:16:01 IST" name="configAM" finished-at="2025-01-03T15:16:04 IST" duration-ms="2752" status="PASS">
          <reporter-output>
            <line>
              <![CDATA[Logout from app]]>
            </line>
          </reporter-output>
        </test-method> <!-- configAM -->
        <test-method is-config="true" signature="configBM()[pri:0, instance:com.comcast.crm.contacttest.CreateContactTest@4efac082]" started-at="2025-01-03T15:16:04 IST" name="configBM" finished-at="2025-01-03T15:16:08 IST" duration-ms="4795" status="PASS">
          <reporter-output>
            <line>
              <![CDATA[Login to App]]>
            </line>
          </reporter-output>
        </test-method> <!-- configBM -->
        <test-method signature="createContactWithOrg()[pri:0, instance:com.comcast.crm.contacttest.CreateContactTest@4efac082]" started-at="2025-01-03T15:16:08 IST" name="createContactWithOrg" finished-at="2025-01-03T15:16:37 IST" duration-ms="28639" status="PASS">
          <reporter-output>
            <line>
              <![CDATA[successfully created Raj Contact with Organization FF_1377]]>
            </line>
          </reporter-output>
        </test-method> <!-- createContactWithOrg -->
        <test-method is-config="true" signature="configAM()[pri:0, instance:com.comcast.crm.contacttest.CreateContactTest@4efac082]" started-at="2025-01-03T15:16:37 IST" name="configAM" finished-at="2025-01-03T15:16:39 IST" duration-ms="2370" status="PASS">
          <reporter-output>
            <line>
              <![CDATA[Logout from app]]>
            </line>
          </reporter-output>
        </test-method> <!-- configAM -->
        <test-method is-config="true" signature="configAC()[pri:0, instance:com.comcast.crm.contacttest.CreateContactTest@4efac082]" started-at="2025-01-03T15:16:39 IST" name="configAC" finished-at="2025-01-03T15:16:40 IST" duration-ms="379" status="PASS">
          <reporter-output>
            <line>
              <![CDATA[Close Browser]]>
            </line>
          </reporter-output>
        </test-method> <!-- configAC -->
        <test-method is-config="true" signature="configAS()[pri:0, instance:com.comcast.crm.contacttest.CreateContactTest@4efac082]" started-at="2025-01-03T15:17:54 IST" name="configAS" finished-at="2025-01-03T15:17:54 IST" duration-ms="15" status="PASS">
          <reporter-output>
            <line>
              <![CDATA[Close DB connection]]>
            </line>
          </reporter-output>
        </test-method> <!-- configAS -->
      </class> <!-- com.comcast.crm.contacttest.CreateContactTest -->
      <class name="com.comcast.crm.orgtest.CreateOrgTest">
        <test-method is-config="true" signature="configBC()[pri:0, instance:com.comcast.crm.orgtest.CreateOrgTest@53aac487]" started-at="2025-01-03T15:16:40 IST" name="configBC" finished-at="2025-01-03T15:16:42 IST" duration-ms="1861" status="PASS">
          <reporter-output>
            <line>
              <![CDATA[Launch Browser]]>
            </line>
          </reporter-output>
        </test-method> <!-- configBC -->
        <test-method is-config="true" signature="configBM()[pri:0, instance:com.comcast.crm.orgtest.CreateOrgTest@53aac487]" started-at="2025-01-03T15:16:42 IST" name="configBM" finished-at="2025-01-03T15:16:48 IST" duration-ms="5861" status="PASS">
          <reporter-output>
            <line>
              <![CDATA[Login to App]]>
            </line>
          </reporter-output>
        </test-method> <!-- configBM -->
        <test-method signature="createOrg()[pri:0, instance:com.comcast.crm.orgtest.CreateOrgTest@53aac487]" started-at="2025-01-03T15:16:48 IST" name="createOrg" finished-at="2025-01-03T15:17:04 IST" duration-ms="16363" status="FAIL">
          <exception class="java.lang.AssertionError">
            <message>
              <![CDATA[expected [FF] but found [FF_1967]]]>
            </message>
            <full-stacktrace>
              <![CDATA[java.lang.AssertionError: expected [FF] but found [FF_1967]
at org.testng.Assert.fail(Assert.java:99)
at org.testng.Assert.failNotEquals(Assert.java:1037)
at org.testng.Assert.assertEqualsImpl(Assert.java:140)
at org.testng.Assert.assertEquals(Assert.java:122)
at org.testng.Assert.assertEquals(Assert.java:629)
at org.testng.Assert.assertEquals(Assert.java:639)
at com.comcast.crm.orgtest.CreateOrgTest.createOrg(CreateOrgTest.java:46)
at java.base/jdk.internal.reflect.NativeMethodAccessorImpl.invoke0(Native Method)
at java.base/jdk.internal.reflect.NativeMethodAccessorImpl.invoke(NativeMethodAccessorImpl.java:77)
at java.base/jdk.internal.reflect.DelegatingMethodAccessorImpl.invoke(DelegatingMethodAccessorImpl.java:43)
at java.base/java.lang.reflect.Method.invoke(Method.java:568)
at org.testng.internal.MethodInvocationHelper.invokeMethod(MethodInvocationHelper.java:133)
at org.testng.internal.TestInvoker.invokeMethod(TestInvoker.java:598)
at org.testng.internal.TestInvoker.invokeTestMethod(TestInvoker.java:173)
at org.testng.internal.MethodRunner.runInSequence(MethodRunner.java:46)
at org.testng.internal.TestInvoker$MethodInvocationAgent.invoke(TestInvoker.java:824)
at org.testng.internal.TestInvoker.invokeTestMethods(TestInvoker.java:146)
at org.testng.internal.TestMethodWorker.invokeTestMethods(TestMethodWorker.java:146)
at org.testng.internal.TestMethodWorker.run(TestMethodWorker.java:128)
at java.base/java.util.ArrayList.forEach(ArrayList.java:1511)
at org.testng.TestRunner.privateRun(TestRunner.java:794)
at org.testng.TestRunner.run(TestRunner.java:596)
at org.testng.SuiteRunner.runTest(SuiteRunner.java:377)
at org.testng.SuiteRunner.runSequentially(SuiteRunner.java:371)
at org.testng.SuiteRunner.privateRun(SuiteRunner.java:332)
at org.testng.SuiteRunner.run(SuiteRunner.java:276)
at org.testng.SuiteRunnerWorker.runSuite(SuiteRunnerWorker.java:53)
at org.testng.SuiteRunnerWorker.run(SuiteRunnerWorker.java:96)
at org.testng.TestNG.runSuitesSequentially(TestNG.java:1212)
at org.testng.TestNG.runSuitesLocally(TestNG.java:1134)
at org.testng.TestNG.runSuites(TestNG.java:1063)
at org.testng.TestNG.run(TestNG.java:1031)
at org.testng.remote.AbstractRemoteTestNG.run(AbstractRemoteTestNG.java:115)
at org.testng.remote.RemoteTestNG.initAndRun(RemoteTestNG.java:293)
at org.testng.remote.RemoteTestNG.main(RemoteTestNG.java:91)
]]>
            </full-stacktrace>
          </exception> <!-- java.lang.AssertionError -->
          <reporter-output>
          </reporter-output>
        </test-method> <!-- createOrg -->
        <test-method is-config="true" signature="configAM()[pri:0, instance:com.comcast.crm.orgtest.CreateOrgTest@53aac487]" started-at="2025-01-03T15:17:04 IST" name="configAM" finished-at="2025-01-03T15:17:07 IST" duration-ms="2531" status="PASS">
          <reporter-output>
            <line>
              <![CDATA[Logout from app]]>
            </line>
          </reporter-output>
        </test-method> <!-- configAM -->
        <test-method is-config="true" signature="configBM()[pri:0, instance:com.comcast.crm.orgtest.CreateOrgTest@53aac487]" started-at="2025-01-03T15:17:07 IST" name="configBM" finished-at="2025-01-03T15:17:12 IST" duration-ms="5086" status="PASS">
          <reporter-output>
            <line>
              <![CDATA[Login to App]]>
            </line>
          </reporter-output>
        </test-method> <!-- configBM -->
        <test-method signature="createOrgWithIndustryAndType()[pri:0, instance:com.comcast.crm.orgtest.CreateOrgTest@53aac487]" started-at="2025-01-03T15:17:12 IST" name="createOrgWithIndustryAndType" finished-at="2025-01-03T15:17:28 IST" duration-ms="15811" status="PASS">
          <reporter-output>
            <line>
              <![CDATA[Successfully Created FF_11 Organization with Energy industry and Press type]]>
            </line>
          </reporter-output>
        </test-method> <!-- createOrgWithIndustryAndType -->
        <test-method is-config="true" signature="configAM()[pri:0, instance:com.comcast.crm.orgtest.CreateOrgTest@53aac487]" started-at="2025-01-03T15:17:28 IST" name="configAM" finished-at="2025-01-03T15:17:30 IST" duration-ms="2370" status="PASS">
          <reporter-output>
            <line>
              <![CDATA[Logout from app]]>
            </line>
          </reporter-output>
        </test-method> <!-- configAM -->
        <test-method is-config="true" signature="configBM()[pri:0, instance:com.comcast.crm.orgtest.CreateOrgTest@53aac487]" started-at="2025-01-03T15:17:30 IST" name="configBM" finished-at="2025-01-03T15:17:35 IST" duration-ms="5160" status="PASS">
          <reporter-output>
            <line>
              <![CDATA[Login to App]]>
            </line>
          </reporter-output>
        </test-method> <!-- configBM -->
        <test-method signature="createOrgWithPhoneNumber()[pri:0, instance:com.comcast.crm.orgtest.CreateOrgTest@53aac487]" started-at="2025-01-03T15:17:35 IST" name="createOrgWithPhoneNumber" finished-at="2025-01-03T15:17:51 IST" duration-ms="15280" status="PASS">
          <reporter-output>
            <line>
              <![CDATA[Successfully Created FF_1418 Organization with 9008877665 Phone Number ]]>
            </line>
          </reporter-output>
        </test-method> <!-- createOrgWithPhoneNumber -->
        <test-method is-config="true" signature="configAM()[pri:0, instance:com.comcast.crm.orgtest.CreateOrgTest@53aac487]" started-at="2025-01-03T15:17:51 IST" name="configAM" finished-at="2025-01-03T15:17:53 IST" duration-ms="2373" status="PASS">
          <reporter-output>
            <line>
              <![CDATA[Logout from app]]>
            </line>
          </reporter-output>
        </test-method> <!-- configAM -->
        <test-method is-config="true" signature="configAC()[pri:0, instance:com.comcast.crm.orgtest.CreateOrgTest@53aac487]" started-at="2025-01-03T15:17:53 IST" name="configAC" finished-at="2025-01-03T15:17:53 IST" duration-ms="355" status="PASS">
          <reporter-output>
            <line>
              <![CDATA[Close Browser]]>
            </line>
          </reporter-output>
        </test-method> <!-- configAC -->
      </class> <!-- com.comcast.crm.orgtest.CreateOrgTest -->
    </test> <!-- Test -->
  </suite> <!-- Suite -->
</testng-results>
