<?xml version="1.0" encoding="UTF-8"?>
<testng-results ignored="0" total="3" passed="3" failed="0" skipped="0">
  <reporter-output>
  </reporter-output>
  <suite started-at="2024-05-17T18:55:27 IST" name="Default suite" finished-at="2024-05-17T18:55:28 IST" duration-ms="1040">
    <groups>
    </groups>
    <test started-at="2024-05-17T18:55:27 IST" name="Default test" finished-at="2024-05-17T18:55:28 IST" duration-ms="1040">
      <class name="practice.test.DPOtherClassTest">
        <test-method signature="dpTest(java.lang.String,java.lang.String)[pri:0, instance:practice.test.DPOtherClassTest@130c12b7]" started-at="2024-05-17T18:55:28 IST" name="dpTest" data-provider="getDataFromExcel" finished-at="2024-05-17T18:55:28 IST" duration-ms="16" status="PASS">
          <params>
            <param index="0">
              <value>
                <![CDATA[Allen]]>
              </value>
            </param>
            <param index="1">
              <value>
                <![CDATA[Solly]]>
              </value>
            </param>
          </params>
          <reporter-output>
          </reporter-output>
        </test-method> <!-- dpTest -->
        <test-method signature="dpTest(java.lang.String,java.lang.String)[pri:0, instance:practice.test.DPOtherClassTest@130c12b7]" started-at="2024-05-17T18:55:28 IST" name="dpTest" data-provider="getDataFromExcel" finished-at="2024-05-17T18:55:28 IST" duration-ms="3" status="PASS">
          <params>
            <param index="0">
              <value>
                <![CDATA[Peter]]>
              </value>
            </param>
            <param index="1">
              <value>
                <![CDATA[England]]>
              </value>
            </param>
          </params>
          <reporter-output>
          </reporter-output>
        </test-method> <!-- dpTest -->
        <test-method signature="dpTest(java.lang.String,java.lang.String)[pri:0, instance:practice.test.DPOtherClassTest@130c12b7]" started-at="2024-05-17T18:55:28 IST" name="dpTest" data-provider="getDataFromExcel" finished-at="2024-05-17T18:55:28 IST" duration-ms="2" status="PASS">
          <params>
            <param index="0">
              <value>
                <![CDATA[Van]]>
              </value>
            </param>
            <param index="1">
              <value>
                <![CDATA[Huesen]]>
              </value>
            </param>
          </params>
          <reporter-output>
          </reporter-output>
        </test-method> <!-- dpTest -->
      </class> <!-- practice.test.DPOtherClassTest -->
    </test> <!-- Default test -->
  </suite> <!-- Default suite -->
</testng-results>
